
Listening on http://127.0.0.1:46576

Attaching package: ‘shinydashboard’

The following object is masked from ‘package:graphics’:

    box

Loading required package: RJSONIO
Loading required package: plyr

Attaching package: ‘shinysky’

The following object is masked from ‘package:shiny’:

    actionButton


Attaching package: ‘dplyr’

The following objects are masked from ‘package:plyr’:

    arrange, count, desc, failwith, id, mutate, rename, summarise,
    summarize

The following objects are masked from ‘package:stats’:

    filter, lag

The following objects are masked from ‘package:base’:

    intersect, setdiff, setequal, union


Attaching package: ‘DT’

The following objects are masked from ‘package:shiny’:

    dataTableOutput, renderDataTable

Warning: Error in library: there is no package called ‘RMariaDB’
Stack trace (innermost first):
    41: library
     1: runApp
Error : An error has occurred. Check your logs or contact the app author for clarification.

Execution halted
